<?xml version="1.0" encoding="UTF-8"?>
<!-- Generated by org.testng.reporters.JUnitXMLReporter -->
<testsuite ignored="0" hostname="Sheherjan" failures="4" tests="4" name="Reading browser details from testng xml" time="0.154" errors="0" timestamp="2023-07-05T16:08:14 BDT">
  <testcase classname="UItestwithTestNG.LoginTest2" name="test" time="0.029">
    <failure type="java.lang.NullPointerException" message="Cannot invoke &amp;quot;org.openqa.selenium.WebDriver.get(String)&amp;quot; because &amp;quot;UItestwithTestNG.LoginTest2.driver&amp;quot; is null">
      <![CDATA[java.lang.NullPointerException: Cannot invoke "org.openqa.selenium.WebDriver.get(String)" because "UItestwithTestNG.LoginTest2.driver" is null
at UItestwithTestNG.LoginTest2.test(LoginTest2.java:23)
at java.base/java.util.ArrayList.forEach(ArrayList.java:1511)
... Removed 25 stack frames]]>
    </failure>
  </testcase> <!-- test -->
  <testcase classname="UItestwithTestNG.LoginTest2" name="test" time="0.002">
    <failure type="java.lang.NullPointerException" message="Cannot invoke &amp;quot;org.openqa.selenium.WebDriver.get(String)&amp;quot; because &amp;quot;UItestwithTestNG.LoginTest2.driver&amp;quot; is null">
      <![CDATA[java.lang.NullPointerException: Cannot invoke "org.openqa.selenium.WebDriver.get(String)" because "UItestwithTestNG.LoginTest2.driver" is null
at UItestwithTestNG.LoginTest2.test(LoginTest2.java:23)
at java.base/java.util.ArrayList.forEach(ArrayList.java:1511)
... Removed 25 stack frames]]>
    </failure>
  </testcase> <!-- test -->
  <testcase classname="UItestwithTestNG.LoginTest2" name="test" time="0.001">
    <failure type="java.lang.NullPointerException" message="Cannot invoke &amp;quot;org.openqa.selenium.WebDriver.get(String)&amp;quot; because &amp;quot;UItestwithTestNG.LoginTest2.driver&amp;quot; is null">
      <![CDATA[java.lang.NullPointerException: Cannot invoke "org.openqa.selenium.WebDriver.get(String)" because "UItestwithTestNG.LoginTest2.driver" is null
at UItestwithTestNG.LoginTest2.test(LoginTest2.java:23)
at java.base/java.util.ArrayList.forEach(ArrayList.java:1511)
... Removed 25 stack frames]]>
    </failure>
  </testcase> <!-- test -->
  <testcase classname="UItestwithTestNG.LoginTest2" name="test" time="0.001">
    <failure type="java.lang.NullPointerException" message="Cannot invoke &amp;quot;org.openqa.selenium.WebDriver.get(String)&amp;quot; because &amp;quot;UItestwithTestNG.LoginTest2.driver&amp;quot; is null">
      <![CDATA[java.lang.NullPointerException: Cannot invoke "org.openqa.selenium.WebDriver.get(String)" because "UItestwithTestNG.LoginTest2.driver" is null
at UItestwithTestNG.LoginTest2.test(LoginTest2.java:23)
at java.base/java.util.ArrayList.forEach(ArrayList.java:1511)
... Removed 25 stack frames]]>
    </failure>
  </testcase> <!-- test -->
</testsuite> <!-- Reading browser details from testng xml -->
