<?xml version="1.0" encoding="UTF-8"?>
<!-- Generated by org.testng.reporters.JUnitXMLReporter -->
<testsuite ignored="0" hostname="Sheherjan" failures="0" tests="4" name="GRP-regression,user registration" time="0.087" errors="0" timestamp="2023-06-05T17:12:15 BDT">
  <testcase classname="UItestwithTestNG.GroupDemoTest" name="bTest3" time="0.017"/>
  <testcase classname="UItestwithTestNG.GroupDemoTest" name="bTest4" time="0.002"/>
  <testcase classname="UItestwithTestNG.GroupDemoTest" name="aTest1" time="0.004"/>
  <testcase classname="UItestwithTestNG.GroupDemoTest" name="bTest2" time="0.002"/>
</testsuite> <!-- GRP-regression,user registration -->
