<?xml version="1.0" encoding="UTF-8"?>
<!-- Generated by org.testng.reporters.JUnitXMLReporter -->
<testsuite ignored="1" hostname="Sheherjan" failures="0" tests="3" name="GRP-regression" time="0.357" errors="0" timestamp="2023-06-05T16:44:47 BDT">
  <testcase classname="UItestwithTestNG.GroupDemoTest" name="bTest3" time="0.033"/>
  <testcase classname="UItestwithTestNG.GroupDemoTest" name="aTest1" time="0.009"/>
  <testcase classname="UItestwithTestNG.GroupDemoTest" name="bTest2" time="0.011"/>
  <testcase classname="UItestwithTestNG.GroupDemoTest" name="bTest4" time="0.0">
    <ignored/>
  </testcase> <!-- bTest4 -->
</testsuite> <!-- GRP-regression -->
