<?xml version="1.0" encoding="UTF-8"?>
<!-- Generated by org.testng.reporters.JUnitXMLReporter -->
<testsuite ignored="3" hostname="Sheherjan" failures="0" tests="3" name="Regression" time="0.057" errors="0" timestamp="2023-06-06T11:00:10 BDT">
  <testcase classname="UItestwithTestNG.GroupDemoTest" name="bTest3" time="0.014"/>
  <testcase classname="UItestwithTestNG.GroupDemoTest" name="aTest1" time="0.001"/>
  <testcase classname="UItestwithTestNG.GroupDemoTest" name="bTest2" time="0.002"/>
  <testcase classname="UItestwithTestNG.LoginTest" name="logoutTest" time="0.0">
    <ignored/>
  </testcase> <!-- logoutTest -->
  <testcase classname="UItestwithTestNG.GroupDemoTest" name="bTest4" time="0.0">
    <ignored/>
  </testcase> <!-- bTest4 -->
  <testcase classname="UItestwithTestNG.LoginTest" name="loginTest" time="0.0">
    <ignored/>
  </testcase> <!-- loginTest -->
</testsuite> <!-- Regression -->
